2025-01-12 06:40:59,553 INFO supervisord started with pid 1
2025-01-12 06:41:00,555 INFO spawnerr: unknown error making dispatchers for 'laravel-scheduler_00': EACCES
2025-01-12 06:41:01,557 INFO spawnerr: unknown error making dispatchers for 'laravel-scheduler_00': EACCES
2025-01-12 06:41:03,559 INFO spawnerr: unknown error making dispatchers for 'laravel-scheduler_00': EACCES
2025-01-12 06:41:06,562 INFO spawnerr: unknown error making dispatchers for 'laravel-scheduler_00': EACCES
2025-01-12 06:41:06,562 INFO gave up: laravel-scheduler_00 entered FATAL state, too many start retries too quickly
2025-01-12 06:42:07,213 INFO supervisord started with pid 7
2025-01-12 06:42:08,214 INFO spawnerr: unknown error making dispatchers for 'laravel-scheduler_00': EACCES
2025-01-12 06:42:09,216 INFO spawnerr: unknown error making dispatchers for 'laravel-scheduler_00': EACCES
2025-01-12 06:42:11,220 INFO spawnerr: unknown error making dispatchers for 'laravel-scheduler_00': EACCES
2025-01-12 06:42:14,224 INFO spawnerr: unknown error making dispatchers for 'laravel-scheduler_00': EACCES
2025-01-12 06:42:14,225 INFO gave up: laravel-scheduler_00 entered FATAL state, too many start retries too quickly
2025-01-12 06:44:56,795 WARN received SIGQUIT indicating exit request
2025-01-12 06:45:08,481 INFO supervisord started with pid 1
2025-01-12 06:45:09,483 INFO spawnerr: unknown error making dispatchers for 'laravel-scheduler_00': EACCES
2025-01-12 06:45:10,485 INFO spawnerr: unknown error making dispatchers for 'laravel-scheduler_00': EACCES
2025-01-12 06:45:12,488 INFO spawnerr: unknown error making dispatchers for 'laravel-scheduler_00': EACCES
2025-01-12 06:45:15,492 INFO spawnerr: unknown error making dispatchers for 'laravel-scheduler_00': EACCES
2025-01-12 06:45:15,492 INFO gave up: laravel-scheduler_00 entered FATAL state, too many start retries too quickly
2025-01-12 06:45:16,493 WARN received SIGQUIT indicating exit request
2025-01-12 06:47:16,462 INFO supervisord started with pid 1
2025-01-12 06:47:17,463 INFO spawnerr: unknown error making dispatchers for 'laravel-scheduler_00': EISDIR
2025-01-12 06:47:18,465 INFO spawnerr: unknown error making dispatchers for 'laravel-scheduler_00': EISDIR
2025-01-12 06:47:20,467 INFO spawnerr: unknown error making dispatchers for 'laravel-scheduler_00': EISDIR
2025-01-12 06:47:23,471 INFO spawnerr: unknown error making dispatchers for 'laravel-scheduler_00': EISDIR
2025-01-12 06:47:23,471 INFO gave up: laravel-scheduler_00 entered FATAL state, too many start retries too quickly
2025-01-12 06:47:34,756 INFO supervisord started with pid 7
2025-01-12 06:47:35,758 INFO spawnerr: unknown error making dispatchers for 'laravel-scheduler_00': EISDIR
2025-01-12 06:47:36,760 INFO spawnerr: unknown error making dispatchers for 'laravel-scheduler_00': EISDIR
2025-01-12 06:47:38,764 INFO spawnerr: unknown error making dispatchers for 'laravel-scheduler_00': EISDIR
2025-01-12 06:47:41,767 INFO spawnerr: unknown error making dispatchers for 'laravel-scheduler_00': EISDIR
2025-01-12 06:47:41,767 INFO gave up: laravel-scheduler_00 entered FATAL state, too many start retries too quickly
2025-01-12 06:49:56,431 INFO supervisord started with pid 1
2025-01-12 06:49:57,433 INFO spawned: 'laravel-scheduler_00' with pid 8
2025-01-12 06:49:58,556 INFO success: laravel-scheduler_00 entered RUNNING state, process has stayed up for > than 1 seconds (startsecs)
2025-01-12 06:50:30,793 INFO supervisord started with pid 15
2025-01-12 06:50:31,798 INFO spawned: 'laravel-scheduler_00' with pid 21
2025-01-12 06:50:32,908 INFO success: laravel-scheduler_00 entered RUNNING state, process has stayed up for > than 1 seconds (startsecs)
2025-01-12 06:52:48,842 INFO supervisord started with pid 40
2025-01-12 06:52:49,847 INFO spawned: 'laravel-scheduler_00' with pid 46
2025-01-12 06:52:50,960 INFO success: laravel-scheduler_00 entered RUNNING state, process has stayed up for > than 1 seconds (startsecs)
2025-01-12 06:55:13,882 INFO supervisord started with pid 125
2025-01-12 06:55:14,887 INFO spawned: 'laravel-scheduler_00' with pid 131
2025-01-12 06:55:16,000 INFO success: laravel-scheduler_00 entered RUNNING state, process has stayed up for > than 1 seconds (startsecs)
2025-01-12 06:55:49,252 WARN received SIGQUIT indicating exit request
2025-01-12 06:55:49,252 INFO waiting for laravel-scheduler_00 to die
2025-01-12 06:55:49,261 WARN stopped: laravel-scheduler_00 (terminated by SIGTERM)
2025-01-12 06:56:43,676 INFO supervisord started with pid 1
2025-01-12 06:56:44,681 INFO spawned: 'laravel-scheduler_00' with pid 7
2025-01-12 06:56:45,838 INFO success: laravel-scheduler_00 entered RUNNING state, process has stayed up for > than 1 seconds (startsecs)
2025-01-12 07:01:06,781 INFO supervisord started with pid 1
2025-01-12 07:01:07,786 INFO spawned: 'laravel-scheduler_00' with pid 7
2025-01-12 07:01:08,938 INFO success: laravel-scheduler_00 entered RUNNING state, process has stayed up for > than 1 seconds (startsecs)
2025-01-12 07:01:57,988 WARN received SIGQUIT indicating exit request
2025-01-12 07:01:57,988 INFO waiting for laravel-scheduler_00 to die
2025-01-12 07:01:57,994 WARN stopped: laravel-scheduler_00 (terminated by SIGTERM)
2025-01-12 07:02:05,686 INFO supervisord started with pid 1
2025-01-12 07:02:06,689 INFO spawned: 'laravel-scheduler_00' with pid 7
2025-01-12 07:02:07,830 INFO success: laravel-scheduler_00 entered RUNNING state, process has stayed up for > than 1 seconds (startsecs)
2025-01-12 07:04:05,247 WARN received SIGQUIT indicating exit request
2025-01-12 07:04:05,248 INFO waiting for laravel-scheduler_00 to die
2025-01-12 07:04:05,250 WARN stopped: laravel-scheduler_00 (terminated by SIGTERM)
2025-01-12 09:14:15,697 INFO supervisord started with pid 1
2025-01-12 09:14:16,700 INFO spawned: 'laravel-scheduler_00' with pid 7
2025-01-12 09:14:17,830 INFO success: laravel-scheduler_00 entered RUNNING state, process has stayed up for > than 1 seconds (startsecs)
2025-01-12 09:19:33,680 WARN received SIGQUIT indicating exit request
2025-01-12 09:19:33,680 INFO waiting for laravel-scheduler_00 to die
2025-01-12 09:19:33,683 WARN stopped: laravel-scheduler_00 (terminated by SIGTERM)
2025-01-12 09:19:48,597 INFO supervisord started with pid 1
2025-01-12 09:19:49,599 INFO spawned: 'laravel-scheduler_00' with pid 7
2025-01-12 09:19:50,718 INFO success: laravel-scheduler_00 entered RUNNING state, process has stayed up for > than 1 seconds (startsecs)
2025-01-12 09:27:04,825 WARN received SIGQUIT indicating exit request
2025-01-12 09:27:04,826 INFO waiting for laravel-scheduler_00 to die
2025-01-12 09:27:04,829 WARN stopped: laravel-scheduler_00 (terminated by SIGTERM)
2025-01-12 09:27:16,512 INFO supervisord started with pid 1
2025-01-12 09:27:17,514 INFO spawnerr: unknown error making dispatchers for 'laravel-scheduler_00': EACCES
2025-01-12 09:27:18,516 INFO spawnerr: unknown error making dispatchers for 'laravel-scheduler_00': EACCES
2025-01-12 09:27:20,517 INFO spawnerr: unknown error making dispatchers for 'laravel-scheduler_00': EACCES
2025-01-12 09:28:29,790 INFO supervisord started with pid 1
2025-01-12 09:28:30,791 INFO spawnerr: unknown error making dispatchers for 'laravel-scheduler_00': EACCES
2025-01-12 09:28:31,792 INFO spawnerr: unknown error making dispatchers for 'laravel-scheduler_00': EACCES
2025-01-12 09:28:33,794 INFO spawnerr: unknown error making dispatchers for 'laravel-scheduler_00': EACCES
2025-01-12 09:28:36,798 INFO spawnerr: unknown error making dispatchers for 'laravel-scheduler_00': EACCES
2025-01-12 09:28:36,798 INFO gave up: laravel-scheduler_00 entered FATAL state, too many start retries too quickly
2025-01-12 09:30:15,896 WARN received SIGQUIT indicating exit request
2025-01-12 09:30:25,619 INFO supervisord started with pid 1
2025-01-12 09:30:26,621 INFO spawned: 'laravel-scheduler_00' with pid 7
2025-01-12 09:30:27,740 INFO success: laravel-scheduler_00 entered RUNNING state, process has stayed up for > than 1 seconds (startsecs)
2025-01-12 09:48:01,719 WARN received SIGQUIT indicating exit request
2025-01-12 09:48:01,719 INFO waiting for laravel-scheduler_00 to die
2025-01-12 09:48:30,238 INFO supervisord started with pid 1
2025-01-12 09:48:31,240 INFO spawned: 'laravel-scheduler_00' with pid 7
2025-01-12 09:48:32,369 INFO success: laravel-scheduler_00 entered RUNNING state, process has stayed up for > than 1 seconds (startsecs)
2025-01-12 09:56:24,638 WARN received SIGQUIT indicating exit request
2025-01-12 09:56:24,638 INFO waiting for laravel-scheduler_00 to die
2025-01-12 09:56:24,648 WARN stopped: laravel-scheduler_00 (terminated by SIGTERM)
2025-01-12 09:56:38,883 INFO supervisord started with pid 1
2025-01-12 09:56:39,885 INFO spawned: 'laravel-scheduler_00' with pid 7
2025-01-12 09:56:39,886 INFO spawnerr: can't find command '/usr/sbin/php-fpm'
2025-01-12 09:56:40,999 INFO success: laravel-scheduler_00 entered RUNNING state, process has stayed up for > than 1 seconds (startsecs)
2025-01-12 09:56:41,000 INFO spawnerr: can't find command '/usr/sbin/php-fpm'
2025-01-12 09:56:43,002 INFO spawnerr: can't find command '/usr/sbin/php-fpm'
2025-01-12 09:56:46,005 INFO spawnerr: can't find command '/usr/sbin/php-fpm'
2025-01-12 09:56:46,005 INFO gave up: php-fpm entered FATAL state, too many start retries too quickly
2025-01-12 09:57:19,259 WARN received SIGQUIT indicating exit request
2025-01-12 09:57:19,259 INFO waiting for laravel-scheduler_00 to die
2025-01-12 10:09:14,365 INFO supervisord started with pid 1
2025-01-12 10:09:15,368 INFO spawned: 'laravel-scheduler_00' with pid 7
2025-01-12 10:09:15,368 INFO spawnerr: can't find command '/usr/sbin/php-fpm'
2025-01-12 10:09:16,485 INFO success: laravel-scheduler_00 entered RUNNING state, process has stayed up for > than 1 seconds (startsecs)
2025-01-12 10:09:16,486 INFO spawnerr: can't find command '/usr/sbin/php-fpm'
2025-01-12 10:09:18,488 INFO spawnerr: can't find command '/usr/sbin/php-fpm'
2025-01-12 10:09:21,491 INFO spawnerr: can't find command '/usr/sbin/php-fpm'
2025-01-12 10:09:21,491 INFO gave up: php-fpm entered FATAL state, too many start retries too quickly
2025-01-12 10:10:51,317 WARN received SIGQUIT indicating exit request
2025-01-12 10:10:51,317 INFO waiting for laravel-scheduler_00 to die
2025-01-12 10:10:52,318 WARN received SIGQUIT indicating exit request
2025-01-12 10:10:52,326 WARN stopped: laravel-scheduler_00 (terminated by SIGTERM)
2025-01-12 10:11:00,734 INFO supervisord started with pid 1
2025-01-12 10:11:01,739 INFO spawned: 'laravel-scheduler_00' with pid 7
2025-01-12 10:11:01,742 INFO spawnerr: unknown error making dispatchers for 'php-fpm': EACCES
2025-01-12 10:11:02,890 INFO success: laravel-scheduler_00 entered RUNNING state, process has stayed up for > than 1 seconds (startsecs)
2025-01-12 10:11:02,890 INFO spawnerr: unknown error making dispatchers for 'php-fpm': EACCES
2025-01-12 10:11:04,893 INFO spawnerr: unknown error making dispatchers for 'php-fpm': EACCES
2025-01-12 10:11:07,896 INFO spawnerr: unknown error making dispatchers for 'php-fpm': EACCES
2025-01-12 10:11:07,896 INFO gave up: php-fpm entered FATAL state, too many start retries too quickly
2025-01-12 10:11:13,901 WARN received SIGQUIT indicating exit request
2025-01-12 10:11:13,902 INFO waiting for laravel-scheduler_00 to die
2025-01-12 10:11:23,629 INFO supervisord started with pid 1
2025-01-12 10:11:24,634 INFO spawned: 'laravel-scheduler_00' with pid 7
2025-01-12 10:11:24,637 INFO spawnerr: unknown error making dispatchers for 'php-fpm': EACCES
2025-01-12 10:11:25,773 INFO success: laravel-scheduler_00 entered RUNNING state, process has stayed up for > than 1 seconds (startsecs)
2025-01-12 10:11:25,774 INFO spawnerr: unknown error making dispatchers for 'php-fpm': EACCES
2025-01-12 10:11:27,776 INFO spawnerr: unknown error making dispatchers for 'php-fpm': EACCES
2025-01-12 10:11:30,780 INFO spawnerr: unknown error making dispatchers for 'php-fpm': EACCES
2025-01-12 10:11:30,780 INFO gave up: php-fpm entered FATAL state, too many start retries too quickly
2025-01-12 10:11:38,789 WARN received SIGQUIT indicating exit request
2025-01-12 10:11:38,789 INFO waiting for laravel-scheduler_00 to die
2025-01-12 10:11:39,792 WARN stopped: laravel-scheduler_00 (terminated by SIGTERM)
2025-01-12 10:11:48,641 INFO supervisord started with pid 1
2025-01-12 10:11:49,643 INFO spawned: 'laravel-scheduler_00' with pid 7
2025-01-12 10:11:49,645 INFO spawned: 'php-fpm' with pid 8
2025-01-12 10:11:49,652 WARN exited: php-fpm (exit status 127; not expected)
2025-01-12 10:11:50,819 INFO success: laravel-scheduler_00 entered RUNNING state, process has stayed up for > than 1 seconds (startsecs)
2025-01-12 10:11:50,820 INFO spawned: 'php-fpm' with pid 11
2025-01-12 10:11:50,823 WARN exited: php-fpm (exit status 127; not expected)
2025-01-12 10:11:52,828 INFO spawned: 'php-fpm' with pid 12
2025-01-12 10:11:52,842 WARN exited: php-fpm (exit status 127; not expected)
2025-01-12 10:11:55,850 INFO spawned: 'php-fpm' with pid 13
2025-01-12 10:11:55,862 WARN exited: php-fpm (exit status 127; not expected)
2025-01-12 10:11:56,863 INFO gave up: php-fpm entered FATAL state, too many start retries too quickly
2025-01-12 10:12:14,255 WARN received SIGQUIT indicating exit request
2025-01-12 10:12:14,256 INFO waiting for laravel-scheduler_00 to die
2025-01-12 10:12:15,259 WARN stopped: laravel-scheduler_00 (terminated by SIGTERM)
2025-01-12 10:12:23,993 INFO supervisord started with pid 1
2025-01-12 10:12:24,996 INFO spawned: 'laravel-scheduler_00' with pid 7
2025-01-12 10:12:24,998 INFO spawned: 'php-fpm' with pid 8
2025-01-12 10:12:26,121 INFO success: laravel-scheduler_00 entered RUNNING state, process has stayed up for > than 1 seconds (startsecs)
2025-01-12 10:12:26,121 INFO success: php-fpm entered RUNNING state, process has stayed up for > than 1 seconds (startsecs)
2025-01-12 10:14:40,213 INFO supervisord started with pid 1
2025-01-12 10:14:41,217 INFO spawned: 'laravel-scheduler_00' with pid 7
2025-01-12 10:14:41,220 INFO spawned: 'php-fpm' with pid 8
2025-01-12 10:14:42,357 INFO success: laravel-scheduler_00 entered RUNNING state, process has stayed up for > than 1 seconds (startsecs)
2025-01-12 10:14:42,357 INFO success: php-fpm entered RUNNING state, process has stayed up for > than 1 seconds (startsecs)
2025-01-12 10:15:34,935 WARN received SIGQUIT indicating exit request
2025-01-12 10:15:34,936 INFO waiting for laravel-scheduler_00, php-fpm to die
2025-01-12 10:15:34,940 INFO stopped: php-fpm (exit status 0)
2025-01-12 10:15:34,943 WARN stopped: laravel-scheduler_00 (terminated by SIGTERM)
2025-01-12 10:15:52,919 INFO supervisord started with pid 1
2025-01-12 10:15:53,921 INFO spawned: 'laravel-scheduler_00' with pid 7
2025-01-12 10:15:53,922 INFO spawned: 'php-fpm' with pid 8
2025-01-12 10:15:55,037 INFO success: laravel-scheduler_00 entered RUNNING state, process has stayed up for > than 1 seconds (startsecs)
2025-01-12 10:15:55,037 INFO success: php-fpm entered RUNNING state, process has stayed up for > than 1 seconds (startsecs)
2025-01-12 10:19:45,805 INFO supervisord started with pid 1
2025-01-12 10:19:46,811 INFO spawned: 'laravel-scheduler_00' with pid 7
2025-01-12 10:19:46,817 INFO spawned: 'php-fpm' with pid 8
2025-01-12 10:19:48,418 INFO success: laravel-scheduler_00 entered RUNNING state, process has stayed up for > than 1 seconds (startsecs)
2025-01-12 10:19:48,418 INFO success: php-fpm entered RUNNING state, process has stayed up for > than 1 seconds (startsecs)
2025-01-12 10:20:05,247 WARN received SIGQUIT indicating exit request
2025-01-12 10:20:05,248 INFO waiting for laravel-scheduler_00, php-fpm to die
2025-01-12 10:20:05,262 INFO stopped: php-fpm (exit status 0)
2025-01-12 10:20:05,272 WARN stopped: laravel-scheduler_00 (terminated by SIGTERM)
2025-01-12 10:20:23,626 INFO supervisord started with pid 1
2025-01-12 10:20:24,631 INFO spawned: 'laravel-scheduler_00' with pid 7
2025-01-12 10:20:24,638 INFO spawned: 'php-fpm' with pid 8
2025-01-12 10:20:25,778 INFO success: laravel-scheduler_00 entered RUNNING state, process has stayed up for > than 1 seconds (startsecs)
2025-01-12 10:20:25,778 INFO success: php-fpm entered RUNNING state, process has stayed up for > than 1 seconds (startsecs)
2025-01-12 10:22:16,955 INFO supervisord started with pid 1
2025-01-12 10:22:17,960 INFO spawned: 'laravel-scheduler_00' with pid 7
2025-01-12 10:22:17,965 INFO spawned: 'php-fpm' with pid 8
2025-01-12 10:22:19,109 INFO success: laravel-scheduler_00 entered RUNNING state, process has stayed up for > than 1 seconds (startsecs)
2025-01-12 10:22:19,110 INFO success: php-fpm entered RUNNING state, process has stayed up for > than 1 seconds (startsecs)
2025-01-12 10:25:45,335 WARN received SIGQUIT indicating exit request
2025-01-12 10:25:45,336 INFO waiting for laravel-scheduler_00, php-fpm to die
2025-01-12 10:25:45,351 INFO stopped: php-fpm (exit status 0)
2025-01-12 10:25:45,363 WARN stopped: laravel-scheduler_00 (terminated by SIGTERM)
2025-01-12 10:25:58,356 INFO supervisord started with pid 1
2025-01-12 10:25:59,358 INFO spawned: 'laravel-scheduler_00' with pid 7
2025-01-12 10:25:59,360 INFO spawned: 'php-fpm' with pid 8
2025-01-12 10:26:01,289 INFO success: laravel-scheduler_00 entered RUNNING state, process has stayed up for > than 1 seconds (startsecs)
2025-01-12 10:26:01,289 INFO success: php-fpm entered RUNNING state, process has stayed up for > than 1 seconds (startsecs)
2025-01-12 10:26:38,631 INFO supervisord started with pid 1
2025-01-12 10:26:39,633 INFO spawned: 'laravel-scheduler_00' with pid 7
2025-01-12 10:26:39,634 INFO spawned: 'php-fpm' with pid 8
2025-01-12 10:26:40,754 INFO success: laravel-scheduler_00 entered RUNNING state, process has stayed up for > than 1 seconds (startsecs)
2025-01-12 10:26:40,754 INFO success: php-fpm entered RUNNING state, process has stayed up for > than 1 seconds (startsecs)
2025-01-12 13:29:46,389 WARN received SIGQUIT indicating exit request
2025-01-12 13:29:46,396 INFO waiting for laravel-scheduler_00, php-fpm to die
2025-01-12 13:29:46,403 INFO stopped: php-fpm (exit status 0)
2025-01-12 13:29:46,406 WARN stopped: laravel-scheduler_00 (terminated by SIGTERM)
2025-01-12 13:29:56,452 INFO supervisord started with pid 1
2025-01-12 13:29:57,459 INFO spawned: 'laravel-scheduler_00' with pid 7
2025-01-12 13:29:57,466 INFO spawned: 'php-fpm' with pid 8
2025-01-12 13:29:58,598 INFO success: laravel-scheduler_00 entered RUNNING state, process has stayed up for > than 1 seconds (startsecs)
2025-01-12 13:29:58,598 INFO success: php-fpm entered RUNNING state, process has stayed up for > than 1 seconds (startsecs)
2025-01-12 14:42:18,825 WARN received SIGQUIT indicating exit request
2025-01-12 14:42:18,826 INFO waiting for laravel-scheduler_00, php-fpm to die
2025-01-12 14:42:18,849 INFO stopped: php-fpm (exit status 0)
2025-01-12 14:42:18,860 WARN stopped: laravel-scheduler_00 (terminated by SIGTERM)
2025-01-12 14:42:22,647 INFO supervisord started with pid 1
2025-01-12 14:42:23,650 INFO spawned: 'laravel-scheduler_00' with pid 7
2025-01-12 14:42:23,652 INFO spawned: 'php-fpm' with pid 8
2025-01-12 14:42:24,848 INFO success: laravel-scheduler_00 entered RUNNING state, process has stayed up for > than 1 seconds (startsecs)
2025-01-12 14:42:24,848 INFO success: php-fpm entered RUNNING state, process has stayed up for > than 1 seconds (startsecs)
2025-01-12 14:48:08,823 WARN received SIGQUIT indicating exit request
2025-01-12 14:48:08,824 INFO waiting for laravel-scheduler_00, php-fpm to die
2025-01-12 14:48:08,831 INFO stopped: php-fpm (exit status 0)
2025-01-12 14:48:08,833 WARN stopped: laravel-scheduler_00 (terminated by SIGTERM)
2025-01-12 14:48:36,433 INFO supervisord started with pid 1
2025-01-12 14:48:37,435 INFO spawned: 'laravel-scheduler_00' with pid 7
2025-01-12 14:48:37,436 INFO spawned: 'php-fpm' with pid 8
2025-01-12 14:48:38,549 INFO success: laravel-scheduler_00 entered RUNNING state, process has stayed up for > than 1 seconds (startsecs)
2025-01-12 14:48:38,549 INFO success: php-fpm entered RUNNING state, process has stayed up for > than 1 seconds (startsecs)
2025-01-12 14:52:19,772 WARN received SIGQUIT indicating exit request
2025-01-12 14:52:19,772 INFO waiting for laravel-scheduler_00, php-fpm to die
2025-01-12 14:52:19,780 INFO stopped: php-fpm (exit status 0)
2025-01-12 14:52:19,785 WARN stopped: laravel-scheduler_00 (terminated by SIGTERM)
2025-01-12 14:52:30,369 INFO supervisord started with pid 1
2025-01-12 14:52:31,374 INFO spawned: 'laravel-scheduler_00' with pid 7
2025-01-12 14:52:31,380 INFO spawned: 'php-fpm' with pid 8
2025-01-12 14:52:32,524 INFO success: laravel-scheduler_00 entered RUNNING state, process has stayed up for > than 1 seconds (startsecs)
2025-01-12 14:52:32,524 INFO success: php-fpm entered RUNNING state, process has stayed up for > than 1 seconds (startsecs)
